This file contains any messages produced by compilers while
running configure, to aid debugging if configure makes a mistake.

It was created by composite-video-simulator configure 1.0, which was
generated by GNU Autoconf 2.69.  Invocation command line was

  $ ./configure --prefix=/usr --no-create --no-recursion

## --------- ##
## Platform. ##
## --------- ##

hostname = castus4
uname -m = x86_64
uname -r = 4.1.20-isptv
uname -s = Linux
uname -v = #1 SMP PREEMPT Thu Mar 31 07:58:15 PDT 2016

/usr/bin/uname -p = unknown
/bin/uname -X     = unknown

/bin/arch              = unknown
/usr/bin/arch -k       = unknown
/usr/convex/getsysinfo = unknown
/usr/bin/hostinfo      = unknown
/bin/machine           = unknown
/usr/bin/oslevel       = unknown
/bin/universe          = unknown

PATH: /usr/local/sbin
PATH: /usr/local/bin
PATH: /sbin
PATH: /bin
PATH: /usr/sbin
PATH: /usr/bin


## ----------- ##
## Core tests. ##
## ----------- ##

configure:2433: checking for a BSD-compatible install
configure:2501: result: /usr/bin/install -c
configure:2512: checking whether build environment is sane
configure:2567: result: yes
configure:2718: checking for a thread-safe mkdir -p
configure:2757: result: /bin/mkdir -p
configure:2764: checking for gawk
configure:2780: found /usr/bin/gawk
configure:2791: result: gawk
configure:2802: checking whether make sets $(MAKE)
configure:2824: result: yes
configure:2853: checking whether make supports nested variables
configure:2870: result: yes
configure:3051: checking for gcc
configure:3067: found /usr/bin/gcc
configure:3078: result: gcc
configure:3307: checking for C compiler version
configure:3316: gcc --version >&5
gcc (GCC) 4.6.3
Copyright (C) 2011 Free Software Foundation, Inc.
This is free software; see the source for copying conditions.  There is NO
warranty; not even for MERCHANTABILITY or FITNESS FOR A PARTICULAR PURPOSE.

configure:3327: $? = 0
configure:3316: gcc -v >&5
Using built-in specs.
COLLECT_GCC=gcc
COLLECT_LTO_WRAPPER=/usr/libexec/gcc/x86_64-pc-linux-gnu/4.6.3/lto-wrapper
Target: x86_64-pc-linux-gnu
Configured with: ./configure --prefix=/usr --enable-static --enable-shared --with-gmp=//usr --with-mpfr=//usr --with-mpc=//usr --with-cloog=//usr --with-ppl=//usr --enable-cloog-backend=isl --enable-languages=c,c++,objc,obj-c++ --enable-threads --enable-libssp --enable-libmudflap --enable-libstdcxx-pch --enable-boehm-gc --enable-libgomp --disable-sjlj-exceptions --host=x86_64-pc-linux-gnu --target=x86_64-pc-linux-gnu --build=x86_64-pc-linux-gnu --disable-multilib --config-cache --cache-file=config.cache.used.for.build --libdir=/usr/lib64 --with-libdir=/usr/lib64
Thread model: posix
gcc version 4.6.3 (GCC) 
configure:3327: $? = 0
configure:3316: gcc -V >&5
gcc: error: unrecognized option '-V'
gcc: fatal error: no input files
compilation terminated.
configure:3327: $? = 1
configure:3316: gcc -qversion >&5
gcc: error: unrecognized option '-qversion'
gcc: fatal error: no input files
compilation terminated.
configure:3327: $? = 1
configure:3347: checking whether the C compiler works
configure:3369: gcc    conftest.c  >&5
configure:3373: $? = 0
configure:3421: result: yes
configure:3424: checking for C compiler default output file name
configure:3426: result: a.out
configure:3432: checking for suffix of executables
configure:3439: gcc -o conftest    conftest.c  >&5
configure:3443: $? = 0
configure:3465: result: 
configure:3487: checking whether we are cross compiling
configure:3495: gcc -o conftest    conftest.c  >&5
configure:3499: $? = 0
configure:3506: ./conftest
configure:3510: $? = 0
configure:3525: result: no
configure:3530: checking for suffix of object files
configure:3552: gcc -c   conftest.c >&5
configure:3556: $? = 0
configure:3577: result: o
configure:3581: checking whether we are using the GNU C compiler
configure:3600: gcc -c   conftest.c >&5
configure:3600: $? = 0
configure:3609: result: yes
configure:3618: checking whether gcc accepts -g
configure:3638: gcc -c -g  conftest.c >&5
configure:3638: $? = 0
configure:3679: result: yes
configure:3696: checking for gcc option to accept ISO C89
configure:3759: gcc  -c -g -O2  conftest.c >&5
configure:3759: $? = 0
configure:3772: result: none needed
configure:3797: checking whether gcc understands -c and -o together
configure:3819: gcc -c conftest.c -o conftest2.o
configure:3822: $? = 0
configure:3819: gcc -c conftest.c -o conftest2.o
configure:3822: $? = 0
configure:3834: result: yes
configure:3862: checking for style of include used by make
configure:3890: result: GNU
configure:3916: checking dependency style of gcc
configure:4027: result: gcc3
configure:4100: checking for g++
configure:4116: found /usr/bin/g++
configure:4127: result: g++
configure:4154: checking for C++ compiler version
configure:4163: g++ --version >&5
g++ (GCC) 4.6.3
Copyright (C) 2011 Free Software Foundation, Inc.
This is free software; see the source for copying conditions.  There is NO
warranty; not even for MERCHANTABILITY or FITNESS FOR A PARTICULAR PURPOSE.

configure:4174: $? = 0
configure:4163: g++ -v >&5
Using built-in specs.
COLLECT_GCC=g++
COLLECT_LTO_WRAPPER=/usr/libexec/gcc/x86_64-pc-linux-gnu/4.6.3/lto-wrapper
Target: x86_64-pc-linux-gnu
Configured with: ./configure --prefix=/usr --enable-static --enable-shared --with-gmp=//usr --with-mpfr=//usr --with-mpc=//usr --with-cloog=//usr --with-ppl=//usr --enable-cloog-backend=isl --enable-languages=c,c++,objc,obj-c++ --enable-threads --enable-libssp --enable-libmudflap --enable-libstdcxx-pch --enable-boehm-gc --enable-libgomp --disable-sjlj-exceptions --host=x86_64-pc-linux-gnu --target=x86_64-pc-linux-gnu --build=x86_64-pc-linux-gnu --disable-multilib --config-cache --cache-file=config.cache.used.for.build --libdir=/usr/lib64 --with-libdir=/usr/lib64
Thread model: posix
gcc version 4.6.3 (GCC) 
configure:4174: $? = 0
configure:4163: g++ -V >&5
g++: error: unrecognized option '-V'
g++: fatal error: no input files
compilation terminated.
configure:4174: $? = 1
configure:4163: g++ -qversion >&5
g++: error: unrecognized option '-qversion'
g++: fatal error: no input files
compilation terminated.
configure:4174: $? = 1
configure:4178: checking whether we are using the GNU C++ compiler
configure:4197: g++ -c   conftest.cpp >&5
configure:4197: $? = 0
configure:4206: result: yes
configure:4215: checking whether g++ accepts -g
configure:4235: g++ -c -g  conftest.cpp >&5
configure:4235: $? = 0
configure:4276: result: yes
configure:4301: checking dependency style of g++
configure:4412: result: gcc3
configure:4436: checking how to run the C preprocessor
configure:4467: gcc -E  conftest.c
configure:4467: $? = 0
configure:4481: gcc -E  conftest.c
conftest.c:11:28: fatal error: ac_nonexistent.h: No such file or directory
compilation terminated.
configure:4481: $? = 1
configure: failed program was:
| /* confdefs.h */
| #define PACKAGE_NAME "composite-video-simulator"
| #define PACKAGE_TARNAME "composite-video-simulator"
| #define PACKAGE_VERSION "1.0"
| #define PACKAGE_STRING "composite-video-simulator 1.0"
| #define PACKAGE_BUGREPORT "jonathan@castus.tv"
| #define PACKAGE_URL ""
| #define PACKAGE "composite-video-simulator"
| #define VERSION "1.0"
| /* end confdefs.h.  */
| #include <ac_nonexistent.h>
configure:4506: result: gcc -E
configure:4526: gcc -E  conftest.c
configure:4526: $? = 0
configure:4540: gcc -E  conftest.c
conftest.c:11:28: fatal error: ac_nonexistent.h: No such file or directory
compilation terminated.
configure:4540: $? = 1
configure: failed program was:
| /* confdefs.h */
| #define PACKAGE_NAME "composite-video-simulator"
| #define PACKAGE_TARNAME "composite-video-simulator"
| #define PACKAGE_VERSION "1.0"
| #define PACKAGE_STRING "composite-video-simulator 1.0"
| #define PACKAGE_BUGREPORT "jonathan@castus.tv"
| #define PACKAGE_URL ""
| #define PACKAGE "composite-video-simulator"
| #define VERSION "1.0"
| /* end confdefs.h.  */
| #include <ac_nonexistent.h>
configure:4569: checking for grep that handles long lines and -e
configure:4627: result: /usr/bin/grep
configure:4632: checking for egrep
configure:4694: result: /usr/bin/grep -E
configure:4699: checking for ANSI C header files
configure:4719: gcc -c -g -O2  conftest.c >&5
configure:4719: $? = 0
configure:4792: gcc -o conftest -g -O2   conftest.c  >&5
configure:4792: $? = 0
configure:4792: ./conftest
configure:4792: $? = 0
configure:4803: result: yes
configure:4816: checking for sys/types.h
configure:4816: gcc -c -g -O2  conftest.c >&5
configure:4816: $? = 0
configure:4816: result: yes
configure:4816: checking for sys/stat.h
configure:4816: gcc -c -g -O2  conftest.c >&5
configure:4816: $? = 0
configure:4816: result: yes
configure:4816: checking for stdlib.h
configure:4816: gcc -c -g -O2  conftest.c >&5
configure:4816: $? = 0
configure:4816: result: yes
configure:4816: checking for string.h
configure:4816: gcc -c -g -O2  conftest.c >&5
configure:4816: $? = 0
configure:4816: result: yes
configure:4816: checking for memory.h
configure:4816: gcc -c -g -O2  conftest.c >&5
configure:4816: $? = 0
configure:4816: result: yes
configure:4816: checking for strings.h
configure:4816: gcc -c -g -O2  conftest.c >&5
configure:4816: $? = 0
configure:4816: result: yes
configure:4816: checking for inttypes.h
configure:4816: gcc -c -g -O2  conftest.c >&5
configure:4816: $? = 0
configure:4816: result: yes
configure:4816: checking for stdint.h
configure:4816: gcc -c -g -O2  conftest.c >&5
configure:4816: $? = 0
configure:4816: result: yes
configure:4816: checking for unistd.h
configure:4816: gcc -c -g -O2  conftest.c >&5
configure:4816: $? = 0
configure:4816: result: yes
configure:4831: checking fcntl.h usability
configure:4831: gcc -c -g -O2  conftest.c >&5
configure:4831: $? = 0
configure:4831: result: yes
configure:4831: checking fcntl.h presence
configure:4831: gcc -E  conftest.c
configure:4831: $? = 0
configure:4831: result: yes
configure:4831: checking for fcntl.h
configure:4831: result: yes
configure:4831: checking for stdint.h
configure:4831: result: yes
configure:4831: checking for stdlib.h
configure:4831: result: yes
configure:4831: checking for string.h
configure:4831: result: yes
configure:4831: checking sys/socket.h usability
configure:4831: gcc -c -g -O2  conftest.c >&5
configure:4831: $? = 0
configure:4831: result: yes
configure:4831: checking sys/socket.h presence
configure:4831: gcc -E  conftest.c
configure:4831: $? = 0
configure:4831: result: yes
configure:4831: checking for sys/socket.h
configure:4831: result: yes
configure:4831: checking for unistd.h
configure:4831: result: yes
configure:4896: checking for pkg-config
configure:4914: found /usr/bin/pkg-config
configure:4926: result: /usr/bin/pkg-config
configure:4951: checking pkg-config is at least version 0.9.0
configure:4954: result: yes
configure:4964: checking for int64_t
configure:4964: gcc -c -g -O2  conftest.c >&5
configure:4964: $? = 0
configure:4964: gcc -c -g -O2  conftest.c >&5
conftest.c: In function 'main':
conftest.c:65:53: warning: integer overflow in expression [-Woverflow]
conftest.c:64:12: error: size of array 'test_array' is negative
conftest.c:64:12: error: storage size of 'test_array' isn't constant
configure:4964: $? = 1
configure: failed program was:
| /* confdefs.h */
| #define PACKAGE_NAME "composite-video-simulator"
| #define PACKAGE_TARNAME "composite-video-simulator"
| #define PACKAGE_VERSION "1.0"
| #define PACKAGE_STRING "composite-video-simulator 1.0"
| #define PACKAGE_BUGREPORT "jonathan@castus.tv"
| #define PACKAGE_URL ""
| #define PACKAGE "composite-video-simulator"
| #define VERSION "1.0"
| #define STDC_HEADERS 1
| #define HAVE_SYS_TYPES_H 1
| #define HAVE_SYS_STAT_H 1
| #define HAVE_STDLIB_H 1
| #define HAVE_STRING_H 1
| #define HAVE_MEMORY_H 1
| #define HAVE_STRINGS_H 1
| #define HAVE_INTTYPES_H 1
| #define HAVE_STDINT_H 1
| #define HAVE_UNISTD_H 1
| #define HAVE_FCNTL_H 1
| #define HAVE_STDINT_H 1
| #define HAVE_STDLIB_H 1
| #define HAVE_STRING_H 1
| #define HAVE_SYS_SOCKET_H 1
| #define HAVE_UNISTD_H 1
| /* end confdefs.h.  */
| #include <stdio.h>
| #ifdef HAVE_SYS_TYPES_H
| # include <sys/types.h>
| #endif
| #ifdef HAVE_SYS_STAT_H
| # include <sys/stat.h>
| #endif
| #ifdef STDC_HEADERS
| # include <stdlib.h>
| # include <stddef.h>
| #else
| # ifdef HAVE_STDLIB_H
| #  include <stdlib.h>
| # endif
| #endif
| #ifdef HAVE_STRING_H
| # if !defined STDC_HEADERS && defined HAVE_MEMORY_H
| #  include <memory.h>
| # endif
| # include <string.h>
| #endif
| #ifdef HAVE_STRINGS_H
| # include <strings.h>
| #endif
| #ifdef HAVE_INTTYPES_H
| # include <inttypes.h>
| #endif
| #ifdef HAVE_STDINT_H
| # include <stdint.h>
| #endif
| #ifdef HAVE_UNISTD_H
| # include <unistd.h>
| #endif
| 	        enum { N = 64 / 2 - 1 };
| int
| main ()
| {
| static int test_array [1 - 2 * !((int64_t) (((((int64_t) 1 << N) << N) - 1) * 2 + 1)
| 		 < (int64_t) (((((int64_t) 1 << N) << N) - 1) * 2 + 2))];
| test_array [0] = 0;
| return test_array [0];
| 
|   ;
|   return 0;
| }
configure:4964: result: yes
configure:4975: checking for uint32_t
configure:4975: gcc -c -g -O2  conftest.c >&5
configure:4975: $? = 0
configure:4975: result: yes
configure:4989: checking for uint8_t
configure:4989: gcc -c -g -O2  conftest.c >&5
configure:4989: $? = 0
configure:4989: result: yes
configure:5007: checking for stdlib.h
configure:5007: result: yes
configure:5017: checking for GNU libc compatible malloc
configure:5041: gcc -o conftest -g -O2   conftest.c  >&5
configure:5041: $? = 0
configure:5041: ./conftest
configure:5041: $? = 0
configure:5051: result: yes
configure:5072: checking for working memcmp
configure:5115: gcc -o conftest -g -O2   conftest.c  >&5
configure:5115: $? = 0
configure:5115: ./conftest
configure:5115: $? = 0
configure:5125: result: yes
configure:5136: checking for memset
configure:5136: gcc -o conftest -g -O2   conftest.c  >&5
conftest.c:52:6: warning: conflicting types for built-in function 'memset' [enabled by default]
configure:5136: $? = 0
configure:5136: result: yes
configure:5152: checking for AVCODEC
configure:5159: $PKG_CONFIG --exists --print-errors "libavcodec >= 55.39.101"
configure:5162: $? = 0
configure:5175: $PKG_CONFIG --exists --print-errors "libavcodec >= 55.39.101"
configure:5178: $? = 0
configure:5281: result: yes
configure:5330: checking for AVFORMAT
configure:5337: $PKG_CONFIG --exists --print-errors "libavformat >= 55.19.104"
configure:5340: $? = 0
configure:5353: $PKG_CONFIG --exists --print-errors "libavformat >= 55.19.104"
configure:5356: $? = 0
configure:5459: result: yes
configure:5508: checking for SWSCALE
configure:5515: $PKG_CONFIG --exists --print-errors "libswscale >= 4.0.100"
configure:5518: $? = 0
configure:5531: $PKG_CONFIG --exists --print-errors "libswscale >= 4.0.100"
configure:5534: $? = 0
configure:5637: result: yes
configure:5686: checking for AVUTIL
configure:5693: $PKG_CONFIG --exists --print-errors "libavutil >= 52.48.101"
configure:5696: $? = 0
configure:5709: $PKG_CONFIG --exists --print-errors "libavutil >= 52.48.101"
configure:5712: $? = 0
configure:5815: result: yes
configure:5864: checking for SWRESAMPLE
configure:5871: $PKG_CONFIG --exists --print-errors "libswresample >= 2.0.101"
configure:5874: $? = 0
configure:5887: $PKG_CONFIG --exists --print-errors "libswresample >= 2.0.101"
configure:5890: $? = 0
configure:5993: result: yes
configure:6167: checking that generated files are newer than configure
configure:6173: result: done
configure:6328: creating ./config.status

## ---------------- ##
## Cache variables. ##
## ---------------- ##

ac_cv_c_compiler_gnu=yes
ac_cv_c_int64_t=yes
ac_cv_c_uint32_t=yes
ac_cv_c_uint8_t=yes
ac_cv_cxx_compiler_gnu=yes
ac_cv_env_AVCODEC_CFLAGS_set=
ac_cv_env_AVCODEC_CFLAGS_value=
ac_cv_env_AVCODEC_LIBS_set=
ac_cv_env_AVCODEC_LIBS_value=
ac_cv_env_AVFORMAT_CFLAGS_set=
ac_cv_env_AVFORMAT_CFLAGS_value=
ac_cv_env_AVFORMAT_LIBS_set=
ac_cv_env_AVFORMAT_LIBS_value=
ac_cv_env_AVUTIL_CFLAGS_set=
ac_cv_env_AVUTIL_CFLAGS_value=
ac_cv_env_AVUTIL_LIBS_set=
ac_cv_env_AVUTIL_LIBS_value=
ac_cv_env_CCC_set=
ac_cv_env_CCC_value=
ac_cv_env_CC_set=
ac_cv_env_CC_value=
ac_cv_env_CFLAGS_set=
ac_cv_env_CFLAGS_value=
ac_cv_env_CPPFLAGS_set=
ac_cv_env_CPPFLAGS_value=
ac_cv_env_CPP_set=
ac_cv_env_CPP_value=
ac_cv_env_CXXFLAGS_set=
ac_cv_env_CXXFLAGS_value=
ac_cv_env_CXX_set=
ac_cv_env_CXX_value=
ac_cv_env_LDFLAGS_set=
ac_cv_env_LDFLAGS_value=
ac_cv_env_LIBS_set=
ac_cv_env_LIBS_value=
ac_cv_env_PKG_CONFIG_LIBDIR_set=
ac_cv_env_PKG_CONFIG_LIBDIR_value=
ac_cv_env_PKG_CONFIG_PATH_set=
ac_cv_env_PKG_CONFIG_PATH_value=
ac_cv_env_PKG_CONFIG_set=
ac_cv_env_PKG_CONFIG_value=
ac_cv_env_SWRESAMPLE_CFLAGS_set=
ac_cv_env_SWRESAMPLE_CFLAGS_value=
ac_cv_env_SWRESAMPLE_LIBS_set=
ac_cv_env_SWRESAMPLE_LIBS_value=
ac_cv_env_SWSCALE_CFLAGS_set=
ac_cv_env_SWSCALE_CFLAGS_value=
ac_cv_env_SWSCALE_LIBS_set=
ac_cv_env_SWSCALE_LIBS_value=
ac_cv_env_build_alias_set=
ac_cv_env_build_alias_value=
ac_cv_env_host_alias_set=
ac_cv_env_host_alias_value=
ac_cv_env_target_alias_set=
ac_cv_env_target_alias_value=
ac_cv_func_malloc_0_nonnull=yes
ac_cv_func_memcmp_working=yes
ac_cv_func_memset=yes
ac_cv_header_fcntl_h=yes
ac_cv_header_inttypes_h=yes
ac_cv_header_memory_h=yes
ac_cv_header_stdc=yes
ac_cv_header_stdint_h=yes
ac_cv_header_stdlib_h=yes
ac_cv_header_string_h=yes
ac_cv_header_strings_h=yes
ac_cv_header_sys_socket_h=yes
ac_cv_header_sys_stat_h=yes
ac_cv_header_sys_types_h=yes
ac_cv_header_unistd_h=yes
ac_cv_objext=o
ac_cv_path_EGREP='/usr/bin/grep -E'
ac_cv_path_GREP=/usr/bin/grep
ac_cv_path_ac_pt_PKG_CONFIG=/usr/bin/pkg-config
ac_cv_path_install='/usr/bin/install -c'
ac_cv_path_mkdir=/bin/mkdir
ac_cv_prog_AWK=gawk
ac_cv_prog_CPP='gcc -E'
ac_cv_prog_ac_ct_CC=gcc
ac_cv_prog_ac_ct_CXX=g++
ac_cv_prog_cc_c89=
ac_cv_prog_cc_g=yes
ac_cv_prog_cxx_g=yes
ac_cv_prog_make_make_set=yes
am_cv_CC_dependencies_compiler_type=gcc3
am_cv_CXX_dependencies_compiler_type=gcc3
am_cv_make_support_nested_variables=yes
am_cv_prog_cc_c_o=yes
pkg_cv_AVCODEC_CFLAGS=' '
pkg_cv_AVCODEC_LIBS='-L/usr/lib -lavcodec  '
pkg_cv_AVFORMAT_CFLAGS=' '
pkg_cv_AVFORMAT_LIBS='-L/usr/lib -lavformat  '
pkg_cv_AVUTIL_CFLAGS=' '
pkg_cv_AVUTIL_LIBS='-L/usr/lib -lavutil  '
pkg_cv_SWRESAMPLE_CFLAGS=' '
pkg_cv_SWRESAMPLE_LIBS='-L/usr/lib -lswresample  '
pkg_cv_SWSCALE_CFLAGS=' '
pkg_cv_SWSCALE_LIBS='-L/usr/lib -lswscale  '

## ----------------- ##
## Output variables. ##
## ----------------- ##

ACLOCAL='${SHELL} /usr/src/composite-video-simulator/missing aclocal-1.14'
AMDEPBACKSLASH='\'
AMDEP_FALSE='#'
AMDEP_TRUE=''
AMTAR='$${TAR-tar}'
AM_BACKSLASH='\'
AM_DEFAULT_V='$(AM_DEFAULT_VERBOSITY)'
AM_DEFAULT_VERBOSITY='1'
AM_V='$(V)'
AUTOCONF='${SHELL} /usr/src/composite-video-simulator/missing autoconf'
AUTOHEADER='${SHELL} /usr/src/composite-video-simulator/missing autoheader'
AUTOMAKE='${SHELL} /usr/src/composite-video-simulator/missing automake-1.14'
AVCODEC_CFLAGS=' '
AVCODEC_LIBS='-L/usr/lib -lavcodec  '
AVFORMAT_CFLAGS=' '
AVFORMAT_LIBS='-L/usr/lib -lavformat  '
AVUTIL_CFLAGS=' '
AVUTIL_LIBS='-L/usr/lib -lavutil  '
AWK='gawk'
CC='gcc'
CCDEPMODE='depmode=gcc3'
CFLAGS='-g -O2'
CPP='gcc -E'
CPPFLAGS=''
CXX='g++'
CXXDEPMODE='depmode=gcc3'
CXXFLAGS='-g -O2'
CYGPATH_W='echo'
DEFS='-DHAVE_CONFIG_H'
DEPDIR='.deps'
ECHO_C=''
ECHO_N='-n'
ECHO_T=''
EGREP='/usr/bin/grep -E'
EXEEXT=''
GREP='/usr/bin/grep'
HAVE_AVCODEC_FALSE='#'
HAVE_AVCODEC_TRUE=''
HAVE_AVFORMAT_FALSE='#'
HAVE_AVFORMAT_TRUE=''
HAVE_AVUTIL_FALSE='#'
HAVE_AVUTIL_TRUE=''
HAVE_SWRESAMPLE_FALSE='#'
HAVE_SWRESAMPLE_TRUE=''
HAVE_SWSCALE_FALSE='#'
HAVE_SWSCALE_TRUE=''
INSTALL_DATA='${INSTALL} -m 644'
INSTALL_PROGRAM='${INSTALL}'
INSTALL_SCRIPT='${INSTALL}'
INSTALL_STRIP_PROGRAM='$(install_sh) -c -s'
LDFLAGS=''
LIBOBJS=''
LIBS=''
LINUX_FALSE='#'
LINUX_TRUE=''
LTLIBOBJS=''
MAKEINFO='${SHELL} /usr/src/composite-video-simulator/missing makeinfo'
MKDIR_P='/bin/mkdir -p'
OBJEXT='o'
PACKAGE='composite-video-simulator'
PACKAGE_BUGREPORT='jonathan@castus.tv'
PACKAGE_NAME='composite-video-simulator'
PACKAGE_STRING='composite-video-simulator 1.0'
PACKAGE_TARNAME='composite-video-simulator'
PACKAGE_URL=''
PACKAGE_VERSION='1.0'
PATH_SEPARATOR=':'
PKG_CONFIG='/usr/bin/pkg-config'
PKG_CONFIG_LIBDIR=''
PKG_CONFIG_PATH=''
SET_MAKE=''
SHELL='/bin/sh'
STRIP=''
SWRESAMPLE_CFLAGS=' '
SWRESAMPLE_LIBS='-L/usr/lib -lswresample  '
SWSCALE_CFLAGS=' '
SWSCALE_LIBS='-L/usr/lib -lswscale  '
VERSION='1.0'
WIN32_FALSE=''
WIN32_TRUE='#'
ac_ct_CC='gcc'
ac_ct_CXX='g++'
am__EXEEXT_FALSE=''
am__EXEEXT_TRUE='#'
am__fastdepCC_FALSE='#'
am__fastdepCC_TRUE=''
am__fastdepCXX_FALSE='#'
am__fastdepCXX_TRUE=''
am__include='include'
am__isrc=''
am__leading_dot='.'
am__nodep='_no'
am__quote=''
am__tar='$${TAR-tar} chof - "$$tardir"'
am__untar='$${TAR-tar} xf -'
bindir='${exec_prefix}/bin'
build_alias=''
datadir='${datarootdir}'
datarootdir='${prefix}/share'
docdir='${datarootdir}/doc/${PACKAGE_TARNAME}'
dvidir='${docdir}'
exec_prefix='${prefix}'
host_alias=''
htmldir='${docdir}'
includedir='${prefix}/include'
infodir='${datarootdir}/info'
install_sh='${SHELL} /usr/src/composite-video-simulator/install-sh'
libdir='${exec_prefix}/lib'
libexecdir='${exec_prefix}/libexec'
localedir='${datarootdir}/locale'
localstatedir='${prefix}/var'
mandir='${datarootdir}/man'
mkdir_p='$(MKDIR_P)'
oldincludedir='/usr/include'
pdfdir='${docdir}'
prefix='/usr'
program_transform_name='s,x,x,'
psdir='${docdir}'
sbindir='${exec_prefix}/sbin'
sharedstatedir='${prefix}/com'
sysconfdir='${prefix}/etc'
target_alias=''

## ----------- ##
## confdefs.h. ##
## ----------- ##

/* confdefs.h */
#define PACKAGE_NAME "composite-video-simulator"
#define PACKAGE_TARNAME "composite-video-simulator"
#define PACKAGE_VERSION "1.0"
#define PACKAGE_STRING "composite-video-simulator 1.0"
#define PACKAGE_BUGREPORT "jonathan@castus.tv"
#define PACKAGE_URL ""
#define PACKAGE "composite-video-simulator"
#define VERSION "1.0"
#define STDC_HEADERS 1
#define HAVE_SYS_TYPES_H 1
#define HAVE_SYS_STAT_H 1
#define HAVE_STDLIB_H 1
#define HAVE_STRING_H 1
#define HAVE_MEMORY_H 1
#define HAVE_STRINGS_H 1
#define HAVE_INTTYPES_H 1
#define HAVE_STDINT_H 1
#define HAVE_UNISTD_H 1
#define HAVE_FCNTL_H 1
#define HAVE_STDINT_H 1
#define HAVE_STDLIB_H 1
#define HAVE_STRING_H 1
#define HAVE_SYS_SOCKET_H 1
#define HAVE_UNISTD_H 1
#define HAVE_STDLIB_H 1
#define HAVE_MALLOC 1
#define HAVE_MEMSET 1
#define HAVE_AVCODEC 1
#define HAVE_AVFORMAT 1
#define HAVE_SWSCALE 1
#define HAVE_AVUTIL 1
#define HAVE_SWRESAMPLE 1

configure: exit 0

## ---------------------- ##
## Running config.status. ##
## ---------------------- ##

This file was extended by composite-video-simulator config.status 1.0, which was
generated by GNU Autoconf 2.69.  Invocation command line was

  CONFIG_FILES    = 
  CONFIG_HEADERS  = 
  CONFIG_LINKS    = 
  CONFIG_COMMANDS = 
  $ ./config.status 

on castus4

config.status:899: creating Makefile
config.status:899: creating config.h
config.status:1128: executing depfiles commands

## ---------------------- ##
## Running config.status. ##
## ---------------------- ##

This file was extended by composite-video-simulator config.status 1.0, which was
generated by GNU Autoconf 2.69.  Invocation command line was

  CONFIG_FILES    = 
  CONFIG_HEADERS  = 
  CONFIG_LINKS    = 
  CONFIG_COMMANDS = 
  $ ./config.status 

on castus4

config.status:899: creating Makefile
config.status:899: creating config.h
config.status:1080: config.h is unchanged
config.status:1128: executing depfiles commands

## ---------------------- ##
## Running config.status. ##
## ---------------------- ##

This file was extended by composite-video-simulator config.status 1.0, which was
generated by GNU Autoconf 2.69.  Invocation command line was

  CONFIG_FILES    = 
  CONFIG_HEADERS  = 
  CONFIG_LINKS    = 
  CONFIG_COMMANDS = 
  $ ./config.status config.h

on castus4

config.status:899: creating config.h
config.status:1080: config.h is unchanged

## ---------------------- ##
## Running config.status. ##
## ---------------------- ##

This file was extended by composite-video-simulator config.status 1.0, which was
generated by GNU Autoconf 2.69.  Invocation command line was

  CONFIG_FILES    = 
  CONFIG_HEADERS  = 
  CONFIG_LINKS    = 
  CONFIG_COMMANDS = 
  $ ./config.status 

on castus4

config.status:899: creating Makefile
config.status:899: creating config.h
config.status:1080: config.h is unchanged
config.status:1128: executing depfiles commands

## ---------------------- ##
## Running config.status. ##
## ---------------------- ##

This file was extended by composite-video-simulator config.status 1.0, which was
generated by GNU Autoconf 2.69.  Invocation command line was

  CONFIG_FILES    = 
  CONFIG_HEADERS  = 
  CONFIG_LINKS    = 
  CONFIG_COMMANDS = 
  $ ./config.status 

on castus4

config.status:899: creating Makefile
config.status:899: creating config.h
config.status:1080: config.h is unchanged
config.status:1128: executing depfiles commands
